mode: set
learngo/container/nonrepeatingsubstr/nonrepeatting.go:5.47,9.30 4 1
learngo/container/nonrepeatingsubstr/nonrepeatting.go:19.2,19.18 1 1
learngo/container/nonrepeatingsubstr/nonrepeatting.go:9.30,11.57 1 1
learngo/container/nonrepeatingsubstr/nonrepeatting.go:14.3,14.32 1 1
learngo/container/nonrepeatingsubstr/nonrepeatting.go:17.3,17.22 1 1
learngo/container/nonrepeatingsubstr/nonrepeatting.go:11.57,13.4 1 1
learngo/container/nonrepeatingsubstr/nonrepeatting.go:14.32,16.4 1 1
learngo/container/nonrepeatingsubstr/nonrepeatting.go:22.13,27.2 4 0
